2025-04-15 23:58:34 - Strong Signal: Home_Network: Network might be too close
2025-04-15 23:58:36 - Strong Signal: Home_Network: Network might be too close
2025-04-15 23:58:36 - No Encryption: Public_WiFi: Network is completely open
2025-04-15 23:59:03 - Strong Signal: Home_Network: Network might be too close
2025-04-15 23:59:03 - No Encryption: Public_WiFi: Network is completely open
2025-04-15 23:59:05 - Strong Signal: Home_Network: Network might be too close
2025-04-15 23:59:05 - No Encryption: Public_WiFi: Network is completely open
2025-04-15 23:59:07 - Strong Signal: Home_Network: Network might be too close
2025-04-15 23:59:07 - No Encryption: Public_WiFi: Network is completely open
2025-04-15 23:59:09 - Strong Signal: Home_Network: Network might be too close
2025-04-15 23:59:11 - Strong Signal: Home_Network: Network might be too close
2025-04-15 23:59:11 - No Encryption: Public_WiFi: Network is completely open
2025-04-15 23:59:13 - Strong Signal: Home_Network: Network might be too close
2025-04-15 23:59:13 - No Encryption: Public_WiFi: Network is completely open
2025-04-15 23:59:15 - Strong Signal: Home_Network: Network might be too close
2025-04-15 23:59:15 - No Encryption: Public_WiFi: Network is completely open
2025-04-15 23:59:19 - Strong Signal: Home_Network: Network might be too close
2025-04-15 23:59:19 - No Encryption: Public_WiFi: Network is completely open
2025-04-15 23:59:21 - Strong Signal: Home_Network: Network might be too close
2025-04-15 23:59:21 - No Encryption: Public_WiFi: Network is completely open
2025-04-15 23:59:23 - No Encryption: Public_WiFi: Network is completely open
2025-04-15 23:59:26 - Strong Signal: Home_Network: Network might be too close
2025-04-15 23:59:26 - No Encryption: Public_WiFi: Network is completely open
2025-04-15 23:59:28 - Strong Signal: Home_Network: Network might be too close
2025-04-15 23:59:28 - No Encryption: Public_WiFi: Network is completely open
2025-04-15 23:59:30 - Strong Signal: Home_Network: Network might be too close
2025-04-15 23:59:32 - Strong Signal: Home_Network: Network might be too close
2025-04-15 23:59:32 - No Encryption: Public_WiFi: Network is completely open
2025-04-15 23:59:34 - No Encryption: Public_WiFi: Network is completely open
2025-04-15 23:59:36 - Strong Signal: Home_Network: Network might be too close
2025-04-17 12:44:49 - Strong Signal: Home_Network: Network might be too close
2025-04-17 12:44:49 - No Encryption: Public_WiFi: Network is completely open
2025-04-17 12:54:07 - Strong Signal: Home_Network: Network might be too close
2025-04-17 12:54:07 - Strong Signal: Home_Network: Network might be too close
2025-04-17 12:54:09 - Strong Signal: Home_Network: Network might be too close
2025-04-17 12:54:09 - Strong Signal: Home_Network: Network might be too close
2025-04-17 12:54:09 - No Encryption: Public_WiFi: Network is completely open
2025-04-17 12:54:09 - No Encryption: Public_WiFi: Network is completely open
2025-04-17 12:54:11 - Strong Signal: Home_Network: Network might be too close
2025-04-17 12:54:11 - Strong Signal: Home_Network: Network might be too close
2025-04-17 12:54:11 - No Encryption: Public_WiFi: Network is completely open
2025-04-17 12:54:11 - No Encryption: Public_WiFi: Network is completely open
2025-04-17 12:54:13 - Strong Signal: Home_Network: Network might be too close
2025-04-17 12:54:13 - Strong Signal: Home_Network: Network might be too close
2025-04-17 12:54:13 - No Encryption: Public_WiFi: Network is completely open
2025-04-17 12:54:13 - No Encryption: Public_WiFi: Network is completely open
2025-04-17 12:54:15 - Strong Signal: Home_Network: Network might be too close
2025-04-17 12:54:15 - Strong Signal: Home_Network: Network might be too close
2025-04-17 12:54:15 - No Encryption: Public_WiFi: Network is completely open
2025-04-17 12:54:15 - No Encryption: Public_WiFi: Network is completely open
2025-04-17 12:54:17 - Strong Signal: Home_Network: Network might be too close
2025-04-17 12:54:17 - Strong Signal: Home_Network: Network might be too close
2025-04-17 12:54:17 - No Encryption: Public_WiFi: Network is completely open
2025-04-17 12:54:17 - No Encryption: Public_WiFi: Network is completely open
2025-04-17 12:54:19 - No Encryption: Public_WiFi: Network is completely open
2025-04-17 12:54:19 - No Encryption: Public_WiFi: Network is completely open
2025-04-17 12:54:21 - Strong Signal: Home_Network: Network might be too close
2025-04-17 12:54:21 - Strong Signal: Home_Network: Network might be too close
2025-04-17 12:54:21 - No Encryption: Public_WiFi: Network is completely open
2025-04-17 12:54:21 - No Encryption: Public_WiFi: Network is completely open
2025-04-17 12:54:23 - Strong Signal: Home_Network: Network might be too close
2025-04-17 12:54:23 - Strong Signal: Home_Network: Network might be too close
2025-04-17 12:54:23 - No Encryption: Public_WiFi: Network is completely open
2025-04-17 12:54:23 - No Encryption: Public_WiFi: Network is completely open
2025-04-17 12:54:25 - Strong Signal: Home_Network: Network might be too close
2025-04-17 12:54:25 - Strong Signal: Home_Network: Network might be too close
2025-04-17 12:54:25 - No Encryption: Public_WiFi: Network is completely open
2025-04-17 12:54:25 - No Encryption: Public_WiFi: Network is completely open
2025-04-17 12:54:27 - Strong Signal: Home_Network: Network might be too close
2025-04-17 12:54:27 - Strong Signal: Home_Network: Network might be too close
2025-04-17 12:54:28 - No Encryption: Public_WiFi: Network is completely open
2025-04-17 12:54:28 - No Encryption: Public_WiFi: Network is completely open
2025-04-17 12:54:30 - Strong Signal: Home_Network: Network might be too close
2025-04-17 12:54:30 - Strong Signal: Home_Network: Network might be too close
2025-04-17 12:54:30 - No Encryption: Public_WiFi: Network is completely open
2025-04-17 12:54:30 - No Encryption: Public_WiFi: Network is completely open
2025-04-17 12:54:32 - Strong Signal: Home_Network: Network might be too close
2025-04-17 12:54:32 - Strong Signal: Home_Network: Network might be too close
2025-04-17 12:54:32 - No Encryption: Public_WiFi: Network is completely open
2025-04-17 12:54:32 - No Encryption: Public_WiFi: Network is completely open
2025-04-17 12:54:34 - Strong Signal: Home_Network: Network might be too close
2025-04-17 12:54:34 - Strong Signal: Home_Network: Network might be too close
2025-04-17 12:54:34 - No Encryption: Public_WiFi: Network is completely open
2025-04-17 12:54:34 - No Encryption: Public_WiFi: Network is completely open
2025-04-17 12:54:36 - No Encryption: Public_WiFi: Network is completely open
2025-04-17 12:54:36 - No Encryption: Public_WiFi: Network is completely open
2025-04-17 12:54:38 - Strong Signal: Home_Network: Network might be too close
2025-04-17 12:54:38 - Strong Signal: Home_Network: Network might be too close
2025-04-17 12:54:38 - No Encryption: Public_WiFi: Network is completely open
2025-04-17 12:54:38 - No Encryption: Public_WiFi: Network is completely open
2025-04-17 12:54:42 - No Encryption: Public_WiFi: Network is completely open
2025-04-17 12:54:42 - No Encryption: Public_WiFi: Network is completely open
2025-04-17 12:54:44 - Strong Signal: Home_Network: Network might be too close
2025-04-17 12:54:44 - Strong Signal: Home_Network: Network might be too close
2025-04-17 12:54:44 - No Encryption: Public_WiFi: Network is completely open
2025-04-17 12:54:44 - No Encryption: Public_WiFi: Network is completely open
2025-04-17 12:55:01 - No Encryption: Public_WiFi: Network is completely open
2025-04-17 12:55:01 - No Encryption: Public_WiFi: Network is completely open
2025-04-17 12:55:03 - No Encryption: Public_WiFi: Network is completely open
2025-04-17 12:55:03 - No Encryption: Public_WiFi: Network is completely open
2025-04-17 12:55:05 - No Encryption: Public_WiFi: Network is completely open
2025-04-17 12:55:05 - No Encryption: Public_WiFi: Network is completely open
2025-04-17 12:55:07 - Strong Signal: Home_Network: Network might be too close
2025-04-17 12:55:07 - Strong Signal: Home_Network: Network might be too close
2025-04-17 12:55:07 - No Encryption: Public_WiFi: Network is completely open
2025-04-17 12:55:07 - No Encryption: Public_WiFi: Network is completely open
2025-04-17 12:55:09 - Strong Signal: Home_Network: Network might be too close
2025-04-17 12:55:09 - Strong Signal: Home_Network: Network might be too close
2025-04-17 12:55:09 - No Encryption: Public_WiFi: Network is completely open
2025-04-17 12:55:09 - No Encryption: Public_WiFi: Network is completely open
2025-04-17 12:55:11 - Strong Signal: Home_Network: Network might be too close
2025-04-17 12:55:11 - Strong Signal: Home_Network: Network might be too close
2025-04-17 12:55:13 - Strong Signal: Home_Network: Network might be too close
2025-04-17 12:55:13 - Strong Signal: Home_Network: Network might be too close
2025-04-17 12:55:13 - No Encryption: Public_WiFi: Network is completely open
2025-04-17 12:55:13 - No Encryption: Public_WiFi: Network is completely open
2025-04-17 12:55:15 - Strong Signal: Home_Network: Network might be too close
2025-04-17 12:55:15 - Strong Signal: Home_Network: Network might be too close
2025-04-17 12:55:15 - No Encryption: Public_WiFi: Network is completely open
2025-04-17 12:55:15 - No Encryption: Public_WiFi: Network is completely open
2025-04-17 12:55:17 - Strong Signal: Home_Network: Network might be too close
2025-04-17 12:55:17 - Strong Signal: Home_Network: Network might be too close
2025-04-17 12:55:17 - No Encryption: Public_WiFi: Network is completely open
2025-04-17 12:55:17 - No Encryption: Public_WiFi: Network is completely open
2025-04-17 12:55:19 - Strong Signal: Home_Network: Network might be too close
2025-04-17 12:55:19 - Strong Signal: Home_Network: Network might be too close
2025-04-17 12:55:19 - No Encryption: Public_WiFi: Network is completely open
2025-04-17 12:55:19 - No Encryption: Public_WiFi: Network is completely open
2025-04-17 12:55:21 - Strong Signal: Home_Network: Network might be too close
2025-04-17 12:55:21 - Strong Signal: Home_Network: Network might be too close
2025-04-17 12:55:21 - No Encryption: Public_WiFi: Network is completely open
2025-04-17 12:55:21 - No Encryption: Public_WiFi: Network is completely open
2025-04-17 12:55:23 - Strong Signal: Home_Network: Network might be too close
2025-04-17 12:55:23 - Strong Signal: Home_Network: Network might be too close
2025-04-17 12:55:23 - No Encryption: Public_WiFi: Network is completely open
2025-04-17 12:55:23 - No Encryption: Public_WiFi: Network is completely open
2025-04-17 12:55:25 - Strong Signal: Home_Network: Network might be too close
2025-04-17 12:55:25 - Strong Signal: Home_Network: Network might be too close
2025-04-17 12:55:25 - No Encryption: Public_WiFi: Network is completely open
2025-04-17 12:55:25 - No Encryption: Public_WiFi: Network is completely open
2025-04-17 12:55:27 - Strong Signal: Home_Network: Network might be too close
2025-04-17 12:55:27 - Strong Signal: Home_Network: Network might be too close
2025-04-17 12:55:27 - No Encryption: Public_WiFi: Network is completely open
2025-04-17 12:55:27 - No Encryption: Public_WiFi: Network is completely open
2025-04-17 12:55:29 - Strong Signal: Home_Network: Network might be too close
2025-04-17 12:55:29 - Strong Signal: Home_Network: Network might be too close
2025-04-17 12:55:29 - No Encryption: Public_WiFi: Network is completely open
2025-04-17 12:55:29 - No Encryption: Public_WiFi: Network is completely open
2025-04-17 12:55:31 - No Encryption: Public_WiFi: Network is completely open
2025-04-17 12:55:31 - No Encryption: Public_WiFi: Network is completely open
2025-04-17 12:55:33 - Strong Signal: Home_Network: Network might be too close
2025-04-17 12:55:33 - Strong Signal: Home_Network: Network might be too close
2025-04-17 12:55:33 - No Encryption: Public_WiFi: Network is completely open
2025-04-17 12:55:33 - No Encryption: Public_WiFi: Network is completely open
2025-04-17 12:55:35 - Strong Signal: Home_Network: Network might be too close
2025-04-17 12:55:35 - Strong Signal: Home_Network: Network might be too close
2025-04-17 12:55:37 - Strong Signal: Home_Network: Network might be too close
2025-04-17 12:55:37 - Strong Signal: Home_Network: Network might be too close
2025-04-17 12:55:37 - No Encryption: Public_WiFi: Network is completely open
2025-04-17 12:55:37 - No Encryption: Public_WiFi: Network is completely open
2025-04-17 12:55:39 - Strong Signal: Home_Network: Network might be too close
2025-04-17 12:55:39 - Strong Signal: Home_Network: Network might be too close
2025-04-17 12:55:39 - No Encryption: Public_WiFi: Network is completely open
2025-04-17 12:55:39 - No Encryption: Public_WiFi: Network is completely open
2025-04-17 12:55:41 - Strong Signal: Home_Network: Network might be too close
2025-04-17 12:55:41 - Strong Signal: Home_Network: Network might be too close
2025-04-17 12:55:41 - No Encryption: Public_WiFi: Network is completely open
2025-04-17 12:55:41 - No Encryption: Public_WiFi: Network is completely open
2025-04-17 12:55:43 - Strong Signal: Home_Network: Network might be too close
2025-04-17 12:55:43 - Strong Signal: Home_Network: Network might be too close
2025-04-17 12:55:43 - No Encryption: Public_WiFi: Network is completely open
2025-04-17 12:55:43 - No Encryption: Public_WiFi: Network is completely open
2025-04-17 12:55:45 - Strong Signal: Home_Network: Network might be too close
2025-04-17 12:55:45 - Strong Signal: Home_Network: Network might be too close
2025-04-17 12:55:45 - No Encryption: Public_WiFi: Network is completely open
2025-04-17 12:55:45 - No Encryption: Public_WiFi: Network is completely open
2025-04-17 12:55:49 - Strong Signal: Home_Network: Network might be too close
2025-04-17 12:55:49 - Strong Signal: Home_Network: Network might be too close
2025-04-17 12:55:49 - No Encryption: Public_WiFi: Network is completely open
2025-04-17 12:55:49 - No Encryption: Public_WiFi: Network is completely open
2025-04-17 12:55:52 - Strong Signal: Home_Network: Network might be too close
2025-04-17 12:55:52 - Strong Signal: Home_Network: Network might be too close
2025-04-17 12:55:52 - No Encryption: Public_WiFi: Network is completely open
2025-04-17 12:55:52 - No Encryption: Public_WiFi: Network is completely open
2025-04-17 12:55:54 - Strong Signal: Home_Network: Network might be too close
2025-04-17 12:55:54 - Strong Signal: Home_Network: Network might be too close
2025-04-17 12:55:54 - No Encryption: Public_WiFi: Network is completely open
2025-04-17 12:55:54 - No Encryption: Public_WiFi: Network is completely open
2025-04-17 12:55:56 - Strong Signal: Home_Network: Network might be too close
2025-04-17 12:55:56 - Strong Signal: Home_Network: Network might be too close
2025-04-17 12:55:56 - No Encryption: Public_WiFi: Network is completely open
2025-04-17 12:55:56 - No Encryption: Public_WiFi: Network is completely open
2025-04-17 12:55:58 - Strong Signal: Home_Network: Network might be too close
2025-04-17 12:55:58 - Strong Signal: Home_Network: Network might be too close
2025-04-17 12:55:58 - No Encryption: Public_WiFi: Network is completely open
2025-04-17 12:55:58 - No Encryption: Public_WiFi: Network is completely open
2025-04-17 12:56:00 - Strong Signal: Home_Network: Network might be too close
2025-04-17 12:56:00 - Strong Signal: Home_Network: Network might be too close
2025-04-17 12:56:02 - Strong Signal: Home_Network: Network might be too close
2025-04-17 12:56:02 - Strong Signal: Home_Network: Network might be too close
2025-04-17 12:56:02 - No Encryption: Public_WiFi: Network is completely open
2025-04-17 12:56:02 - No Encryption: Public_WiFi: Network is completely open
2025-04-17 12:56:04 - Strong Signal: Home_Network: Network might be too close
2025-04-17 12:56:04 - Strong Signal: Home_Network: Network might be too close
2025-04-17 12:56:04 - No Encryption: Public_WiFi: Network is completely open
2025-04-17 12:56:04 - No Encryption: Public_WiFi: Network is completely open
2025-04-17 12:56:08 - Strong Signal: Home_Network: Network might be too close
2025-04-17 12:56:08 - Strong Signal: Home_Network: Network might be too close
2025-04-17 12:56:08 - No Encryption: Public_WiFi: Network is completely open
2025-04-17 12:56:08 - No Encryption: Public_WiFi: Network is completely open
2025-04-17 12:56:10 - Strong Signal: Home_Network: Network might be too close
2025-04-17 12:56:10 - Strong Signal: Home_Network: Network might be too close
2025-04-17 12:56:10 - No Encryption: Public_WiFi: Network is completely open
2025-04-17 12:56:10 - No Encryption: Public_WiFi: Network is completely open
2025-04-17 12:56:12 - Strong Signal: Home_Network: Network might be too close
2025-04-17 12:56:12 - Strong Signal: Home_Network: Network might be too close
2025-04-17 12:56:12 - No Encryption: Public_WiFi: Network is completely open
2025-04-17 12:56:12 - No Encryption: Public_WiFi: Network is completely open
2025-04-17 12:56:14 - Strong Signal: Home_Network: Network might be too close
2025-04-17 12:56:14 - Strong Signal: Home_Network: Network might be too close
2025-04-17 12:56:14 - No Encryption: Public_WiFi: Network is completely open
2025-04-17 12:56:14 - No Encryption: Public_WiFi: Network is completely open
2025-04-17 12:56:16 - Strong Signal: Home_Network: Network might be too close
2025-04-17 12:56:16 - Strong Signal: Home_Network: Network might be too close
2025-04-17 12:56:16 - No Encryption: Public_WiFi: Network is completely open
2025-04-17 12:56:16 - No Encryption: Public_WiFi: Network is completely open
2025-04-17 12:56:18 - Strong Signal: Home_Network: Network might be too close
2025-04-17 12:56:18 - Strong Signal: Home_Network: Network might be too close
2025-04-17 12:56:18 - No Encryption: Public_WiFi: Network is completely open
2025-04-17 12:56:18 - No Encryption: Public_WiFi: Network is completely open
2025-04-17 12:56:20 - Strong Signal: Home_Network: Network might be too close
2025-04-17 12:56:20 - Strong Signal: Home_Network: Network might be too close
2025-04-17 12:56:20 - No Encryption: Public_WiFi: Network is completely open
2025-04-17 12:56:20 - No Encryption: Public_WiFi: Network is completely open
2025-04-17 12:56:22 - Strong Signal: Home_Network: Network might be too close
2025-04-17 12:56:22 - Strong Signal: Home_Network: Network might be too close
2025-04-17 12:56:22 - No Encryption: Public_WiFi: Network is completely open
2025-04-17 12:56:22 - No Encryption: Public_WiFi: Network is completely open
2025-04-17 12:56:24 - No Encryption: Public_WiFi: Network is completely open
2025-04-17 12:56:24 - No Encryption: Public_WiFi: Network is completely open
2025-04-17 12:56:26 - Strong Signal: Home_Network: Network might be too close
2025-04-17 12:56:26 - Strong Signal: Home_Network: Network might be too close
2025-04-17 12:56:26 - No Encryption: Public_WiFi: Network is completely open
2025-04-17 12:56:26 - No Encryption: Public_WiFi: Network is completely open
2025-04-17 12:56:28 - No Encryption: Public_WiFi: Network is completely open
2025-04-17 12:56:28 - No Encryption: Public_WiFi: Network is completely open
2025-04-17 12:56:30 - No Encryption: Public_WiFi: Network is completely open
2025-04-17 12:56:30 - No Encryption: Public_WiFi: Network is completely open
2025-04-17 12:56:32 - Strong Signal: Home_Network: Network might be too close
2025-04-17 12:56:32 - Strong Signal: Home_Network: Network might be too close
2025-04-17 12:56:32 - No Encryption: Public_WiFi: Network is completely open
2025-04-17 12:56:32 - No Encryption: Public_WiFi: Network is completely open
2025-04-17 12:56:34 - Strong Signal: Home_Network: Network might be too close
2025-04-17 12:56:34 - Strong Signal: Home_Network: Network might be too close
2025-04-17 12:56:34 - No Encryption: Public_WiFi: Network is completely open
2025-04-17 12:56:34 - No Encryption: Public_WiFi: Network is completely open
2025-04-17 12:56:36 - Strong Signal: Home_Network: Network might be too close
2025-04-17 12:56:36 - Strong Signal: Home_Network: Network might be too close
2025-04-17 12:56:36 - No Encryption: Public_WiFi: Network is completely open
2025-04-17 12:56:36 - No Encryption: Public_WiFi: Network is completely open
2025-04-17 12:56:38 - Strong Signal: Home_Network: Network might be too close
2025-04-17 12:56:38 - Strong Signal: Home_Network: Network might be too close
2025-04-17 12:56:38 - No Encryption: Public_WiFi: Network is completely open
2025-04-17 12:56:38 - No Encryption: Public_WiFi: Network is completely open
2025-04-17 12:56:40 - No Encryption: Public_WiFi: Network is completely open
2025-04-17 12:56:40 - No Encryption: Public_WiFi: Network is completely open
2025-04-17 12:56:42 - Strong Signal: Home_Network: Network might be too close
2025-04-17 12:56:42 - Strong Signal: Home_Network: Network might be too close
2025-04-17 12:56:42 - No Encryption: Public_WiFi: Network is completely open
2025-04-17 12:56:42 - No Encryption: Public_WiFi: Network is completely open
2025-04-17 12:56:44 - Strong Signal: Home_Network: Network might be too close
2025-04-17 12:56:44 - Strong Signal: Home_Network: Network might be too close
2025-04-17 12:56:46 - Strong Signal: Home_Network: Network might be too close
2025-04-17 12:56:46 - Strong Signal: Home_Network: Network might be too close
2025-04-17 12:56:46 - No Encryption: Public_WiFi: Network is completely open
2025-04-17 12:56:46 - No Encryption: Public_WiFi: Network is completely open
2025-04-17 12:56:48 - Strong Signal: Home_Network: Network might be too close
2025-04-17 12:56:48 - Strong Signal: Home_Network: Network might be too close
2025-04-17 12:56:48 - No Encryption: Public_WiFi: Network is completely open
2025-04-17 12:56:48 - No Encryption: Public_WiFi: Network is completely open
2025-04-17 12:56:50 - Strong Signal: Home_Network: Network might be too close
2025-04-17 12:56:50 - Strong Signal: Home_Network: Network might be too close
2025-04-17 12:56:50 - No Encryption: Public_WiFi: Network is completely open
2025-04-17 12:56:50 - No Encryption: Public_WiFi: Network is completely open
2025-04-17 12:56:52 - Strong Signal: Home_Network: Network might be too close
2025-04-17 12:56:52 - Strong Signal: Home_Network: Network might be too close
2025-04-17 12:56:52 - No Encryption: Public_WiFi: Network is completely open
2025-04-17 12:56:52 - No Encryption: Public_WiFi: Network is completely open
2025-04-17 12:56:54 - Strong Signal: Home_Network: Network might be too close
2025-04-17 12:56:54 - Strong Signal: Home_Network: Network might be too close
2025-04-17 12:56:54 - No Encryption: Public_WiFi: Network is completely open
2025-04-17 12:56:54 - No Encryption: Public_WiFi: Network is completely open
2025-04-17 12:56:56 - Strong Signal: Home_Network: Network might be too close
2025-04-17 12:56:56 - Strong Signal: Home_Network: Network might be too close
2025-04-17 12:56:58 - Strong Signal: Home_Network: Network might be too close
2025-04-17 12:56:58 - Strong Signal: Home_Network: Network might be too close
2025-04-17 12:56:58 - No Encryption: Public_WiFi: Network is completely open
2025-04-17 12:56:58 - No Encryption: Public_WiFi: Network is completely open
2025-04-17 12:57:00 - Strong Signal: Home_Network: Network might be too close
2025-04-17 12:57:00 - Strong Signal: Home_Network: Network might be too close
2025-04-17 12:57:00 - No Encryption: Public_WiFi: Network is completely open
2025-04-17 12:57:00 - No Encryption: Public_WiFi: Network is completely open
2025-04-17 12:57:02 - Strong Signal: Home_Network: Network might be too close
2025-04-17 12:57:02 - Strong Signal: Home_Network: Network might be too close
2025-04-17 12:57:02 - No Encryption: Public_WiFi: Network is completely open
2025-04-17 12:57:02 - No Encryption: Public_WiFi: Network is completely open
2025-04-17 12:57:04 - Strong Signal: Home_Network: Network might be too close
2025-04-17 12:57:04 - Strong Signal: Home_Network: Network might be too close
2025-04-17 12:57:04 - No Encryption: Public_WiFi: Network is completely open
2025-04-17 12:57:04 - No Encryption: Public_WiFi: Network is completely open
2025-04-17 12:57:06 - Strong Signal: Home_Network: Network might be too close
2025-04-17 12:57:06 - Strong Signal: Home_Network: Network might be too close
2025-04-17 12:57:08 - Strong Signal: Home_Network: Network might be too close
2025-04-17 12:57:08 - Strong Signal: Home_Network: Network might be too close
2025-04-17 12:57:10 - Strong Signal: Home_Network: Network might be too close
2025-04-17 12:57:10 - Strong Signal: Home_Network: Network might be too close
2025-04-17 12:57:10 - No Encryption: Public_WiFi: Network is completely open
2025-04-17 12:57:10 - No Encryption: Public_WiFi: Network is completely open
2025-04-17 12:57:12 - Strong Signal: Home_Network: Network might be too close
2025-04-17 12:57:12 - Strong Signal: Home_Network: Network might be too close
2025-04-17 12:57:12 - No Encryption: Public_WiFi: Network is completely open
2025-04-17 12:57:12 - No Encryption: Public_WiFi: Network is completely open
2025-04-17 12:57:16 - Strong Signal: Home_Network: Network might be too close
2025-04-17 12:57:16 - Strong Signal: Home_Network: Network might be too close
2025-04-17 12:57:16 - No Encryption: Public_WiFi: Network is completely open
2025-04-17 12:57:16 - No Encryption: Public_WiFi: Network is completely open
2025-04-17 12:57:18 - Strong Signal: Home_Network: Network might be too close
2025-04-17 12:57:18 - Strong Signal: Home_Network: Network might be too close
2025-04-17 12:57:18 - No Encryption: Public_WiFi: Network is completely open
2025-04-17 12:57:18 - No Encryption: Public_WiFi: Network is completely open
2025-04-17 12:57:20 - Strong Signal: Home_Network: Network might be too close
2025-04-17 12:57:20 - Strong Signal: Home_Network: Network might be too close
2025-04-17 12:57:20 - No Encryption: Public_WiFi: Network is completely open
2025-04-17 12:57:20 - No Encryption: Public_WiFi: Network is completely open
2025-04-17 12:57:22 - Strong Signal: Home_Network: Network might be too close
2025-04-17 12:57:22 - Strong Signal: Home_Network: Network might be too close
2025-04-17 12:57:22 - No Encryption: Public_WiFi: Network is completely open
2025-04-17 12:57:22 - No Encryption: Public_WiFi: Network is completely open
2025-04-17 12:57:24 - Strong Signal: Home_Network: Network might be too close
2025-04-17 12:57:24 - Strong Signal: Home_Network: Network might be too close
2025-04-17 12:57:24 - No Encryption: Public_WiFi: Network is completely open
2025-04-17 12:57:24 - No Encryption: Public_WiFi: Network is completely open
2025-04-17 12:57:26 - Strong Signal: Home_Network: Network might be too close
2025-04-17 12:57:26 - Strong Signal: Home_Network: Network might be too close
2025-04-17 12:57:26 - No Encryption: Public_WiFi: Network is completely open
2025-04-17 12:57:26 - No Encryption: Public_WiFi: Network is completely open
2025-04-17 12:57:28 - Strong Signal: Home_Network: Network might be too close
2025-04-17 12:57:28 - Strong Signal: Home_Network: Network might be too close
2025-04-17 12:57:28 - No Encryption: Public_WiFi: Network is completely open
2025-04-17 12:57:28 - No Encryption: Public_WiFi: Network is completely open
2025-04-17 12:57:30 - Strong Signal: Home_Network: Network might be too close
2025-04-17 12:57:30 - Strong Signal: Home_Network: Network might be too close
2025-04-17 12:57:30 - No Encryption: Public_WiFi: Network is completely open
2025-04-17 12:57:30 - No Encryption: Public_WiFi: Network is completely open
2025-04-17 12:57:32 - No Encryption: Public_WiFi: Network is completely open
2025-04-17 12:57:32 - No Encryption: Public_WiFi: Network is completely open
2025-04-17 12:57:34 - Strong Signal: Home_Network: Network might be too close
2025-04-17 12:57:34 - Strong Signal: Home_Network: Network might be too close
2025-04-17 12:57:34 - No Encryption: Public_WiFi: Network is completely open
2025-04-17 12:57:34 - No Encryption: Public_WiFi: Network is completely open
2025-04-17 12:57:36 - Strong Signal: Home_Network: Network might be too close
2025-04-17 12:57:36 - Strong Signal: Home_Network: Network might be too close
2025-04-17 12:57:36 - No Encryption: Public_WiFi: Network is completely open
2025-04-17 12:57:36 - No Encryption: Public_WiFi: Network is completely open
2025-04-17 12:57:38 - Strong Signal: Home_Network: Network might be too close
2025-04-17 12:57:38 - Strong Signal: Home_Network: Network might be too close
2025-04-17 12:57:38 - No Encryption: Public_WiFi: Network is completely open
2025-04-17 12:57:38 - No Encryption: Public_WiFi: Network is completely open
2025-04-17 12:57:40 - Strong Signal: Home_Network: Network might be too close
2025-04-17 12:57:40 - Strong Signal: Home_Network: Network might be too close
2025-04-17 12:57:40 - No Encryption: Public_WiFi: Network is completely open
2025-04-17 12:57:40 - No Encryption: Public_WiFi: Network is completely open
2025-04-17 12:57:42 - Strong Signal: Home_Network: Network might be too close
2025-04-17 12:57:42 - Strong Signal: Home_Network: Network might be too close
2025-04-17 12:57:42 - No Encryption: Public_WiFi: Network is completely open
2025-04-17 12:57:42 - No Encryption: Public_WiFi: Network is completely open
2025-04-17 12:57:44 - Strong Signal: Home_Network: Network might be too close
2025-04-17 12:57:44 - Strong Signal: Home_Network: Network might be too close
2025-04-17 12:57:44 - No Encryption: Public_WiFi: Network is completely open
2025-04-17 12:57:44 - No Encryption: Public_WiFi: Network is completely open
2025-04-17 12:57:46 - Strong Signal: Home_Network: Network might be too close
2025-04-17 12:57:47 - Strong Signal: Home_Network: Network might be too close
2025-04-17 12:57:49 - Strong Signal: Home_Network: Network might be too close
2025-04-17 12:57:49 - Strong Signal: Home_Network: Network might be too close
2025-04-17 12:57:49 - No Encryption: Public_WiFi: Network is completely open
2025-04-17 12:57:49 - No Encryption: Public_WiFi: Network is completely open
2025-04-17 12:57:51 - Strong Signal: Home_Network: Network might be too close
2025-04-17 12:57:51 - Strong Signal: Home_Network: Network might be too close
2025-04-17 12:57:51 - No Encryption: Public_WiFi: Network is completely open
2025-04-17 12:57:51 - No Encryption: Public_WiFi: Network is completely open
2025-04-17 12:58:14 - No Encryption: Public_WiFi: Network is completely open
2025-04-17 12:58:14 - No Encryption: Public_WiFi: Network is completely open
2025-04-17 12:58:16 - Strong Signal: Home_Network: Network might be too close
2025-04-17 12:58:16 - Strong Signal: Home_Network: Network might be too close
2025-04-17 12:58:16 - No Encryption: Public_WiFi: Network is completely open
2025-04-17 12:58:16 - No Encryption: Public_WiFi: Network is completely open
2025-04-17 12:58:18 - Strong Signal: Home_Network: Network might be too close
2025-04-17 12:58:18 - Strong Signal: Home_Network: Network might be too close
2025-04-17 12:58:18 - No Encryption: Public_WiFi: Network is completely open
2025-04-17 12:58:18 - No Encryption: Public_WiFi: Network is completely open
2025-04-17 12:58:20 - Strong Signal: Home_Network: Network might be too close
2025-04-17 12:58:20 - Strong Signal: Home_Network: Network might be too close
2025-04-17 12:58:20 - No Encryption: Public_WiFi: Network is completely open
2025-04-17 12:58:20 - No Encryption: Public_WiFi: Network is completely open
2025-04-17 12:58:22 - No Encryption: Public_WiFi: Network is completely open
2025-04-17 12:58:22 - No Encryption: Public_WiFi: Network is completely open
2025-04-17 12:58:24 - Strong Signal: Home_Network: Network might be too close
2025-04-17 12:58:24 - Strong Signal: Home_Network: Network might be too close
2025-04-17 12:58:24 - No Encryption: Public_WiFi: Network is completely open
2025-04-17 12:58:24 - No Encryption: Public_WiFi: Network is completely open
2025-04-17 12:58:26 - No Encryption: Public_WiFi: Network is completely open
2025-04-17 12:58:26 - No Encryption: Public_WiFi: Network is completely open
2025-04-17 12:58:28 - Strong Signal: Home_Network: Network might be too close
2025-04-17 12:58:28 - Strong Signal: Home_Network: Network might be too close
2025-04-17 12:58:28 - No Encryption: Public_WiFi: Network is completely open
2025-04-17 12:58:28 - No Encryption: Public_WiFi: Network is completely open
2025-04-17 12:58:30 - Strong Signal: Home_Network: Network might be too close
2025-04-17 12:58:30 - Strong Signal: Home_Network: Network might be too close
2025-04-17 12:58:30 - No Encryption: Public_WiFi: Network is completely open
2025-04-17 12:58:30 - No Encryption: Public_WiFi: Network is completely open
2025-04-17 12:58:32 - Strong Signal: Home_Network: Network might be too close
2025-04-17 12:58:32 - Strong Signal: Home_Network: Network might be too close
2025-04-17 12:58:34 - Strong Signal: Home_Network: Network might be too close
2025-04-17 12:58:34 - Strong Signal: Home_Network: Network might be too close
2025-04-17 12:58:34 - No Encryption: Public_WiFi: Network is completely open
2025-04-17 12:58:34 - No Encryption: Public_WiFi: Network is completely open
2025-04-17 12:58:36 - No Encryption: Public_WiFi: Network is completely open
2025-04-17 12:58:36 - No Encryption: Public_WiFi: Network is completely open
2025-04-17 12:58:38 - No Encryption: Public_WiFi: Network is completely open
2025-04-17 12:58:38 - No Encryption: Public_WiFi: Network is completely open
2025-04-17 12:58:40 - Strong Signal: Home_Network: Network might be too close
2025-04-17 12:58:40 - Strong Signal: Home_Network: Network might be too close
2025-04-17 12:58:40 - No Encryption: Public_WiFi: Network is completely open
2025-04-17 12:58:40 - No Encryption: Public_WiFi: Network is completely open
2025-04-17 12:58:42 - Strong Signal: Home_Network: Network might be too close
2025-04-17 12:58:42 - Strong Signal: Home_Network: Network might be too close
2025-04-17 12:58:42 - No Encryption: Public_WiFi: Network is completely open
2025-04-17 12:58:42 - No Encryption: Public_WiFi: Network is completely open
2025-04-17 13:04:27 - Strong Signal: Home_Network: Network might be too close
2025-04-17 13:04:27 - Strong Signal: Home_Network: Network might be too close
2025-04-17 13:04:27 - No Encryption: Public_WiFi: Network is completely open
2025-04-17 13:04:27 - No Encryption: Public_WiFi: Network is completely open
2025-04-17 13:04:27 - Older Encryption: Guest_WiFi: WPA is vulnerable to attacks
2025-04-17 13:04:27 - Older Encryption: Guest_WiFi: WPA is vulnerable to attacks
2025-04-17 13:04:29 - No Encryption: Public_WiFi: Network is completely open
2025-04-17 13:04:29 - No Encryption: Public_WiFi: Network is completely open
2025-04-17 13:04:29 - Older Encryption: Guest_WiFi: WPA is vulnerable to attacks
2025-04-17 13:04:29 - Older Encryption: Guest_WiFi: WPA is vulnerable to attacks
2025-04-17 13:04:29 - No Encryption: Rogue_AP: Network is completely open
2025-04-17 13:04:29 - No Encryption: Rogue_AP: Network is completely open
2025-04-17 13:04:31 - Strong Signal: Home_Network: Network might be too close
2025-04-17 13:04:31 - Strong Signal: Home_Network: Network might be too close
2025-04-17 13:04:31 - No Encryption: Public_WiFi: Network is completely open
2025-04-17 13:04:31 - No Encryption: Public_WiFi: Network is completely open
2025-04-17 13:04:31 - Older Encryption: Guest_WiFi: WPA is vulnerable to attacks
2025-04-17 13:04:31 - Older Encryption: Guest_WiFi: WPA is vulnerable to attacks
2025-04-17 13:04:33 - Strong Signal: Home_Network: Network might be too close
2025-04-17 13:04:33 - Strong Signal: Home_Network: Network might be too close
2025-04-17 13:04:33 - No Encryption: Public_WiFi: Network is completely open
2025-04-17 13:04:33 - No Encryption: Public_WiFi: Network is completely open
2025-04-17 13:04:33 - Older Encryption: Guest_WiFi: WPA is vulnerable to attacks
2025-04-17 13:04:33 - Older Encryption: Guest_WiFi: WPA is vulnerable to attacks
2025-04-17 13:04:33 - No Encryption: Rogue_AP: Network is completely open
2025-04-17 13:04:33 - No Encryption: Rogue_AP: Network is completely open
2025-04-17 13:04:35 - No Encryption: Public_WiFi: Network is completely open
2025-04-17 13:04:35 - No Encryption: Public_WiFi: Network is completely open
2025-04-17 13:04:35 - Older Encryption: Guest_WiFi: WPA is vulnerable to attacks
2025-04-17 13:04:35 - Older Encryption: Guest_WiFi: WPA is vulnerable to attacks
2025-04-17 13:04:35 - No Encryption: Rogue_AP: Network is completely open
2025-04-17 13:04:35 - No Encryption: Rogue_AP: Network is completely open
2025-04-17 13:04:35 - Strong Signal: Rogue_AP: Network might be too close
2025-04-17 13:04:35 - Strong Signal: Rogue_AP: Network might be too close
2025-04-17 13:04:37 - Strong Signal: Home_Network: Network might be too close
2025-04-17 13:04:37 - Strong Signal: Home_Network: Network might be too close
2025-04-17 13:04:37 - No Encryption: Public_WiFi: Network is completely open
2025-04-17 13:04:37 - No Encryption: Public_WiFi: Network is completely open
2025-04-17 13:04:37 - Older Encryption: Guest_WiFi: WPA is vulnerable to attacks
2025-04-17 13:04:37 - Older Encryption: Guest_WiFi: WPA is vulnerable to attacks
2025-04-17 13:04:37 - No Encryption: Rogue_AP: Network is completely open
2025-04-17 13:04:37 - No Encryption: Rogue_AP: Network is completely open
2025-04-17 13:04:39 - No Encryption: Public_WiFi: Network is completely open
2025-04-17 13:04:39 - No Encryption: Public_WiFi: Network is completely open
2025-04-17 13:04:39 - Older Encryption: Guest_WiFi: WPA is vulnerable to attacks
2025-04-17 13:04:39 - Older Encryption: Guest_WiFi: WPA is vulnerable to attacks
2025-04-17 13:04:39 - No Encryption: Rogue_AP: Network is completely open
2025-04-17 13:04:39 - No Encryption: Rogue_AP: Network is completely open
2025-04-17 13:04:39 - Strong Signal: Rogue_AP: Network might be too close
2025-04-17 13:04:39 - Strong Signal: Rogue_AP: Network might be too close
2025-04-17 13:04:41 - Strong Signal: Home_Network: Network might be too close
2025-04-17 13:04:41 - Strong Signal: Home_Network: Network might be too close
2025-04-17 13:04:41 - No Encryption: Public_WiFi: Network is completely open
2025-04-17 13:04:41 - No Encryption: Public_WiFi: Network is completely open
2025-04-17 13:04:41 - Older Encryption: Guest_WiFi: WPA is vulnerable to attacks
2025-04-17 13:04:41 - Older Encryption: Guest_WiFi: WPA is vulnerable to attacks
2025-04-17 13:04:41 - No Encryption: Rogue_AP: Network is completely open
2025-04-17 13:04:41 - No Encryption: Rogue_AP: Network is completely open
2025-04-17 13:04:43 - Strong Signal: Home_Network: Network might be too close
2025-04-17 13:04:43 - Strong Signal: Home_Network: Network might be too close
2025-04-17 13:04:43 - No Encryption: Public_WiFi: Network is completely open
2025-04-17 13:04:43 - No Encryption: Public_WiFi: Network is completely open
2025-04-17 13:04:43 - Older Encryption: Guest_WiFi: WPA is vulnerable to attacks
2025-04-17 13:04:43 - Older Encryption: Guest_WiFi: WPA is vulnerable to attacks
2025-04-17 13:04:43 - No Encryption: Rogue_AP: Network is completely open
2025-04-17 13:04:43 - No Encryption: Rogue_AP: Network is completely open
2025-04-17 13:04:45 - No Encryption: Public_WiFi: Network is completely open
2025-04-17 13:04:45 - No Encryption: Public_WiFi: Network is completely open
2025-04-17 13:04:45 - Older Encryption: Guest_WiFi: WPA is vulnerable to attacks
2025-04-17 13:04:45 - Older Encryption: Guest_WiFi: WPA is vulnerable to attacks
2025-04-17 13:04:45 - No Encryption: Rogue_AP: Network is completely open
2025-04-17 13:04:45 - No Encryption: Rogue_AP: Network is completely open
2025-04-17 13:04:47 - Strong Signal: Home_Network: Network might be too close
2025-04-17 13:04:47 - Strong Signal: Home_Network: Network might be too close
2025-04-17 13:04:47 - No Encryption: Public_WiFi: Network is completely open
2025-04-17 13:04:47 - No Encryption: Public_WiFi: Network is completely open
2025-04-17 13:04:47 - Older Encryption: Guest_WiFi: WPA is vulnerable to attacks
2025-04-17 13:04:47 - Older Encryption: Guest_WiFi: WPA is vulnerable to attacks
2025-04-17 13:04:49 - Strong Signal: Home_Network: Network might be too close
2025-04-17 13:04:49 - Strong Signal: Home_Network: Network might be too close
2025-04-17 13:04:49 - No Encryption: Public_WiFi: Network is completely open
2025-04-17 13:04:49 - No Encryption: Public_WiFi: Network is completely open
2025-04-17 13:04:49 - Older Encryption: Guest_WiFi: WPA is vulnerable to attacks
2025-04-17 13:04:49 - Older Encryption: Guest_WiFi: WPA is vulnerable to attacks
2025-04-17 13:04:49 - No Encryption: Rogue_AP: Network is completely open
2025-04-17 13:04:49 - No Encryption: Rogue_AP: Network is completely open
2025-04-17 13:04:51 - Strong Signal: Home_Network: Network might be too close
2025-04-17 13:04:51 - Strong Signal: Home_Network: Network might be too close
2025-04-17 13:04:51 - No Encryption: Public_WiFi: Network is completely open
2025-04-17 13:04:51 - No Encryption: Public_WiFi: Network is completely open
2025-04-17 13:04:51 - Older Encryption: Guest_WiFi: WPA is vulnerable to attacks
2025-04-17 13:04:51 - Older Encryption: Guest_WiFi: WPA is vulnerable to attacks
2025-04-17 13:04:51 - No Encryption: Rogue_AP: Network is completely open
2025-04-17 13:04:51 - No Encryption: Rogue_AP: Network is completely open
2025-04-17 13:04:53 - Strong Signal: Home_Network: Network might be too close
2025-04-17 13:04:53 - Strong Signal: Home_Network: Network might be too close
2025-04-17 13:04:53 - No Encryption: Public_WiFi: Network is completely open
2025-04-17 13:04:53 - No Encryption: Public_WiFi: Network is completely open
2025-04-17 13:04:53 - Older Encryption: Guest_WiFi: WPA is vulnerable to attacks
2025-04-17 13:04:53 - Older Encryption: Guest_WiFi: WPA is vulnerable to attacks
2025-04-17 13:04:53 - No Encryption: Rogue_AP: Network is completely open
2025-04-17 13:04:53 - No Encryption: Rogue_AP: Network is completely open
2025-04-17 13:04:55 - Strong Signal: Home_Network: Network might be too close
2025-04-17 13:04:55 - Strong Signal: Home_Network: Network might be too close
2025-04-17 13:04:55 - No Encryption: Public_WiFi: Network is completely open
2025-04-17 13:04:55 - No Encryption: Public_WiFi: Network is completely open
2025-04-17 13:04:55 - Older Encryption: Guest_WiFi: WPA is vulnerable to attacks
2025-04-17 13:04:55 - Older Encryption: Guest_WiFi: WPA is vulnerable to attacks
2025-04-17 13:04:57 - No Encryption: Public_WiFi: Network is completely open
2025-04-17 13:04:57 - No Encryption: Public_WiFi: Network is completely open
2025-04-17 13:04:57 - Older Encryption: Guest_WiFi: WPA is vulnerable to attacks
2025-04-17 13:04:57 - Older Encryption: Guest_WiFi: WPA is vulnerable to attacks
2025-04-17 13:04:57 - No Encryption: Rogue_AP: Network is completely open
2025-04-17 13:04:57 - No Encryption: Rogue_AP: Network is completely open
2025-04-17 13:04:59 - Strong Signal: Home_Network: Network might be too close
2025-04-17 13:04:59 - Strong Signal: Home_Network: Network might be too close
2025-04-17 13:04:59 - No Encryption: Public_WiFi: Network is completely open
2025-04-17 13:04:59 - No Encryption: Public_WiFi: Network is completely open
2025-04-17 13:04:59 - No Encryption: Rogue_AP: Network is completely open
2025-04-17 13:04:59 - No Encryption: Rogue_AP: Network is completely open
2025-04-17 13:05:01 - Strong Signal: Home_Network: Network might be too close
2025-04-17 13:05:01 - Strong Signal: Home_Network: Network might be too close
2025-04-17 13:05:01 - No Encryption: Public_WiFi: Network is completely open
2025-04-17 13:05:01 - No Encryption: Public_WiFi: Network is completely open
2025-04-17 13:05:01 - Older Encryption: Guest_WiFi: WPA is vulnerable to attacks
2025-04-17 13:05:01 - Older Encryption: Guest_WiFi: WPA is vulnerable to attacks
2025-04-17 13:05:01 - No Encryption: Rogue_AP: Network is completely open
2025-04-17 13:05:01 - No Encryption: Rogue_AP: Network is completely open
2025-04-17 13:05:01 - Strong Signal: Rogue_AP: Network might be too close
2025-04-17 13:05:01 - Strong Signal: Rogue_AP: Network might be too close
2025-04-17 13:05:03 - No Encryption: Public_WiFi: Network is completely open
2025-04-17 13:05:03 - No Encryption: Public_WiFi: Network is completely open
2025-04-17 13:05:03 - No Encryption: Rogue_AP: Network is completely open
2025-04-17 13:05:03 - No Encryption: Rogue_AP: Network is completely open
2025-04-17 13:05:05 - Strong Signal: Home_Network: Network might be too close
2025-04-17 13:05:05 - Strong Signal: Home_Network: Network might be too close
2025-04-17 13:05:05 - No Encryption: Public_WiFi: Network is completely open
2025-04-17 13:05:05 - No Encryption: Public_WiFi: Network is completely open
2025-04-17 13:05:05 - Older Encryption: Guest_WiFi: WPA is vulnerable to attacks
2025-04-17 13:05:05 - Older Encryption: Guest_WiFi: WPA is vulnerable to attacks
2025-04-17 13:05:05 - No Encryption: Rogue_AP: Network is completely open
2025-04-17 13:05:05 - No Encryption: Rogue_AP: Network is completely open
2025-04-17 13:05:07 - Strong Signal: Home_Network: Network might be too close
2025-04-17 13:05:07 - Strong Signal: Home_Network: Network might be too close
2025-04-17 13:05:07 - No Encryption: Public_WiFi: Network is completely open
2025-04-17 13:05:07 - No Encryption: Public_WiFi: Network is completely open
2025-04-17 13:05:07 - Older Encryption: Guest_WiFi: WPA is vulnerable to attacks
2025-04-17 13:05:07 - Older Encryption: Guest_WiFi: WPA is vulnerable to attacks
2025-04-17 13:05:07 - No Encryption: Rogue_AP: Network is completely open
2025-04-17 13:05:07 - No Encryption: Rogue_AP: Network is completely open
2025-04-17 13:06:53 - Strong Signal: Home_Network: Network might be too close
2025-04-17 13:06:53 - Strong Signal: Home_Network: Network might be too close
2025-04-17 13:06:53 - No Encryption: Public_WiFi: Network is completely open
2025-04-17 13:06:53 - No Encryption: Public_WiFi: Network is completely open
2025-04-17 13:06:53 - Older Encryption: Guest_WiFi: WPA is vulnerable to attacks
2025-04-17 13:06:53 - Older Encryption: Guest_WiFi: WPA is vulnerable to attacks
2025-04-17 13:06:53 - No Encryption: Rogue_AP: Network is completely open
2025-04-17 13:06:53 - No Encryption: Rogue_AP: Network is completely open
2025-04-17 13:06:55 - Strong Signal: Home_Network: Network might be too close
2025-04-17 13:06:55 - Strong Signal: Home_Network: Network might be too close
2025-04-17 13:06:55 - No Encryption: Public_WiFi: Network is completely open
2025-04-17 13:06:55 - No Encryption: Public_WiFi: Network is completely open
2025-04-17 13:06:55 - Older Encryption: Guest_WiFi: WPA is vulnerable to attacks
2025-04-17 13:06:55 - Older Encryption: Guest_WiFi: WPA is vulnerable to attacks
2025-04-17 13:06:55 - No Encryption: Rogue_AP: Network is completely open
2025-04-17 13:06:55 - No Encryption: Rogue_AP: Network is completely open
2025-04-17 13:06:55 - Strong Signal: Rogue_AP: Network might be too close
2025-04-17 13:06:55 - Strong Signal: Rogue_AP: Network might be too close
2025-04-17 13:06:57 - No Encryption: Public_WiFi: Network is completely open
2025-04-17 13:06:57 - No Encryption: Public_WiFi: Network is completely open
2025-04-17 13:06:57 - Older Encryption: Guest_WiFi: WPA is vulnerable to attacks
2025-04-17 13:06:57 - Older Encryption: Guest_WiFi: WPA is vulnerable to attacks
2025-04-17 13:06:57 - No Encryption: Rogue_AP: Network is completely open
2025-04-17 13:06:57 - No Encryption: Rogue_AP: Network is completely open
2025-04-17 13:06:57 - Strong Signal: Rogue_AP: Network might be too close
2025-04-17 13:06:57 - Strong Signal: Rogue_AP: Network might be too close
2025-04-17 13:06:59 - Strong Signal: Home_Network: Network might be too close
2025-04-17 13:06:59 - Strong Signal: Home_Network: Network might be too close
2025-04-17 13:06:59 - Older Encryption: Guest_WiFi: WPA is vulnerable to attacks
2025-04-17 13:06:59 - Older Encryption: Guest_WiFi: WPA is vulnerable to attacks
2025-04-17 13:06:59 - No Encryption: Rogue_AP: Network is completely open
2025-04-17 13:06:59 - No Encryption: Rogue_AP: Network is completely open
2025-04-17 13:07:01 - Strong Signal: Home_Network: Network might be too close
2025-04-17 13:07:01 - Strong Signal: Home_Network: Network might be too close
2025-04-17 13:07:01 - No Encryption: Public_WiFi: Network is completely open
2025-04-17 13:07:01 - No Encryption: Public_WiFi: Network is completely open
2025-04-17 13:07:01 - Older Encryption: Guest_WiFi: WPA is vulnerable to attacks
2025-04-17 13:07:01 - Older Encryption: Guest_WiFi: WPA is vulnerable to attacks
2025-04-17 13:07:01 - No Encryption: Rogue_AP: Network is completely open
2025-04-17 13:07:01 - No Encryption: Rogue_AP: Network is completely open
2025-04-17 13:07:01 - Strong Signal: Rogue_AP: Network might be too close
2025-04-17 13:07:01 - Strong Signal: Rogue_AP: Network might be too close
2025-04-17 13:07:03 - No Encryption: Public_WiFi: Network is completely open
2025-04-17 13:07:03 - No Encryption: Public_WiFi: Network is completely open
2025-04-17 13:07:03 - Older Encryption: Guest_WiFi: WPA is vulnerable to attacks
2025-04-17 13:07:03 - Older Encryption: Guest_WiFi: WPA is vulnerable to attacks
2025-04-17 13:07:05 - Strong Signal: Home_Network: Network might be too close
2025-04-17 13:07:05 - Strong Signal: Home_Network: Network might be too close
2025-04-17 13:07:05 - No Encryption: Public_WiFi: Network is completely open
2025-04-17 13:07:05 - No Encryption: Public_WiFi: Network is completely open
2025-04-17 13:07:05 - Older Encryption: Guest_WiFi: WPA is vulnerable to attacks
2025-04-17 13:07:05 - Older Encryption: Guest_WiFi: WPA is vulnerable to attacks
2025-04-17 13:07:05 - No Encryption: Rogue_AP: Network is completely open
2025-04-17 13:07:05 - No Encryption: Rogue_AP: Network is completely open
2025-04-17 13:07:07 - No Encryption: Public_WiFi: Network is completely open
2025-04-17 13:07:07 - No Encryption: Public_WiFi: Network is completely open
2025-04-17 13:07:07 - Older Encryption: Guest_WiFi: WPA is vulnerable to attacks
2025-04-17 13:07:07 - Older Encryption: Guest_WiFi: WPA is vulnerable to attacks
2025-04-17 13:07:09 - Strong Signal: Home_Network: Network might be too close
2025-04-17 13:07:09 - Strong Signal: Home_Network: Network might be too close
2025-04-17 13:07:09 - No Encryption: Public_WiFi: Network is completely open
2025-04-17 13:07:09 - No Encryption: Public_WiFi: Network is completely open
2025-04-17 13:07:09 - No Encryption: Rogue_AP: Network is completely open
2025-04-17 13:07:09 - No Encryption: Rogue_AP: Network is completely open
2025-04-17 13:07:09 - Strong Signal: Rogue_AP: Network might be too close
2025-04-17 13:07:09 - Strong Signal: Rogue_AP: Network might be too close
2025-04-17 13:07:11 - Strong Signal: Home_Network: Network might be too close
2025-04-17 13:07:11 - Strong Signal: Home_Network: Network might be too close
2025-04-17 13:07:11 - Older Encryption: Guest_WiFi: WPA is vulnerable to attacks
2025-04-17 13:07:11 - Older Encryption: Guest_WiFi: WPA is vulnerable to attacks
2025-04-17 13:07:11 - No Encryption: Rogue_AP: Network is completely open
2025-04-17 13:07:11 - No Encryption: Rogue_AP: Network is completely open
2025-04-17 13:07:11 - Strong Signal: Rogue_AP: Network might be too close
2025-04-17 13:07:11 - Strong Signal: Rogue_AP: Network might be too close
2025-04-17 13:07:13 - No Encryption: Public_WiFi: Network is completely open
2025-04-17 13:07:13 - No Encryption: Public_WiFi: Network is completely open
2025-04-17 13:07:13 - Older Encryption: Guest_WiFi: WPA is vulnerable to attacks
2025-04-17 13:07:13 - Older Encryption: Guest_WiFi: WPA is vulnerable to attacks
2025-04-17 13:07:13 - No Encryption: Rogue_AP: Network is completely open
2025-04-17 13:07:13 - No Encryption: Rogue_AP: Network is completely open
2025-04-17 13:07:15 - Strong Signal: Home_Network: Network might be too close
2025-04-17 13:07:15 - Strong Signal: Home_Network: Network might be too close
2025-04-17 13:07:15 - No Encryption: Public_WiFi: Network is completely open
2025-04-17 13:07:15 - No Encryption: Public_WiFi: Network is completely open
2025-04-17 13:07:15 - Older Encryption: Guest_WiFi: WPA is vulnerable to attacks
2025-04-17 13:07:15 - Older Encryption: Guest_WiFi: WPA is vulnerable to attacks
2025-04-17 13:07:15 - No Encryption: Rogue_AP: Network is completely open
2025-04-17 13:07:15 - No Encryption: Rogue_AP: Network is completely open
2025-04-17 13:07:15 - Strong Signal: Rogue_AP: Network might be too close
2025-04-17 13:07:15 - Strong Signal: Rogue_AP: Network might be too close
2025-04-17 13:07:17 - Strong Signal: Home_Network: Network might be too close
2025-04-17 13:07:17 - Strong Signal: Home_Network: Network might be too close
2025-04-17 13:07:17 - No Encryption: Public_WiFi: Network is completely open
2025-04-17 13:07:17 - No Encryption: Public_WiFi: Network is completely open
2025-04-17 13:07:17 - Older Encryption: Guest_WiFi: WPA is vulnerable to attacks
2025-04-17 13:07:17 - Older Encryption: Guest_WiFi: WPA is vulnerable to attacks
2025-04-17 13:07:17 - No Encryption: Rogue_AP: Network is completely open
2025-04-17 13:07:17 - No Encryption: Rogue_AP: Network is completely open
2025-04-17 13:07:19 - Strong Signal: Home_Network: Network might be too close
2025-04-17 13:07:19 - Strong Signal: Home_Network: Network might be too close
2025-04-17 13:07:19 - No Encryption: Public_WiFi: Network is completely open
2025-04-17 13:07:19 - No Encryption: Public_WiFi: Network is completely open
2025-04-17 13:07:19 - Older Encryption: Guest_WiFi: WPA is vulnerable to attacks
2025-04-17 13:07:19 - Older Encryption: Guest_WiFi: WPA is vulnerable to attacks
2025-04-17 13:07:19 - No Encryption: Rogue_AP: Network is completely open
2025-04-17 13:07:19 - No Encryption: Rogue_AP: Network is completely open
2025-04-17 13:07:19 - Strong Signal: Rogue_AP: Network might be too close
2025-04-17 13:07:19 - Strong Signal: Rogue_AP: Network might be too close
2025-04-17 13:07:21 - Strong Signal: Home_Network: Network might be too close
2025-04-17 13:07:21 - Strong Signal: Home_Network: Network might be too close
2025-04-17 13:07:21 - No Encryption: Public_WiFi: Network is completely open
2025-04-17 13:07:21 - No Encryption: Public_WiFi: Network is completely open
2025-04-17 13:07:21 - Older Encryption: Guest_WiFi: WPA is vulnerable to attacks
2025-04-17 13:07:21 - Older Encryption: Guest_WiFi: WPA is vulnerable to attacks
2025-04-17 13:07:21 - No Encryption: Rogue_AP: Network is completely open
2025-04-17 13:07:21 - No Encryption: Rogue_AP: Network is completely open
2025-04-17 13:13:45 - Strong Signal: Home_Network: Network might be too close
2025-04-17 13:13:45 - Strong Signal: Home_Network: Network might be too close
2025-04-17 13:13:45 - No Encryption: Public_WiFi: Network is completely open
2025-04-17 13:13:45 - No Encryption: Public_WiFi: Network is completely open
2025-04-17 13:13:45 - No Encryption: Rogue_AP: Network is completely open
2025-04-17 13:13:45 - No Encryption: Rogue_AP: Network is completely open
2025-04-17 13:13:45 - Strong Signal: Rogue_AP: Network might be too close
2025-04-17 13:13:45 - Strong Signal: Rogue_AP: Network might be too close
2025-04-17 13:13:47 - Strong Signal: Home_Network: Network might be too close
2025-04-17 13:13:47 - Strong Signal: Home_Network: Network might be too close
2025-04-17 13:13:47 - No Encryption: Public_WiFi: Network is completely open
2025-04-17 13:13:47 - No Encryption: Public_WiFi: Network is completely open
2025-04-17 13:13:47 - Older Encryption: Guest_WiFi: WPA is vulnerable to attacks
2025-04-17 13:13:47 - Older Encryption: Guest_WiFi: WPA is vulnerable to attacks
2025-04-17 13:13:47 - No Encryption: Rogue_AP: Network is completely open
2025-04-17 13:13:47 - No Encryption: Rogue_AP: Network is completely open
2025-04-17 13:13:49 - Strong Signal: Home_Network: Network might be too close
2025-04-17 13:13:49 - Strong Signal: Home_Network: Network might be too close
2025-04-17 13:13:49 - No Encryption: Public_WiFi: Network is completely open
2025-04-17 13:13:49 - No Encryption: Public_WiFi: Network is completely open
2025-04-17 13:13:49 - Older Encryption: Guest_WiFi: WPA is vulnerable to attacks
2025-04-17 13:13:49 - Older Encryption: Guest_WiFi: WPA is vulnerable to attacks
2025-04-17 13:13:49 - No Encryption: Rogue_AP: Network is completely open
2025-04-17 13:13:49 - No Encryption: Rogue_AP: Network is completely open
2025-04-17 13:13:51 - No Encryption: Public_WiFi: Network is completely open
2025-04-17 13:13:51 - No Encryption: Public_WiFi: Network is completely open
2025-04-17 13:13:51 - Older Encryption: Guest_WiFi: WPA is vulnerable to attacks
2025-04-17 13:13:51 - Older Encryption: Guest_WiFi: WPA is vulnerable to attacks
2025-04-17 13:13:51 - No Encryption: Rogue_AP: Network is completely open
2025-04-17 13:13:51 - No Encryption: Rogue_AP: Network is completely open
2025-04-17 13:13:51 - Strong Signal: Rogue_AP: Network might be too close
2025-04-17 13:13:51 - Strong Signal: Rogue_AP: Network might be too close
2025-04-17 13:13:53 - Strong Signal: Home_Network: Network might be too close
2025-04-17 13:13:53 - Strong Signal: Home_Network: Network might be too close
2025-04-17 13:13:53 - No Encryption: Public_WiFi: Network is completely open
2025-04-17 13:13:53 - No Encryption: Public_WiFi: Network is completely open
2025-04-17 13:13:53 - Older Encryption: Guest_WiFi: WPA is vulnerable to attacks
2025-04-17 13:13:53 - Older Encryption: Guest_WiFi: WPA is vulnerable to attacks
2025-04-17 13:13:53 - No Encryption: Rogue_AP: Network is completely open
2025-04-17 13:13:53 - No Encryption: Rogue_AP: Network is completely open
